[debug] [2025-05-24T13:27:04.955Z] ----------------------------------------------------------------------
[debug] [2025-05-24T13:27:04.958Z] Command:       C:\Program Files\nodejs\node.exe C:\Users\skewal\AppData\Roaming\npm\node_modules\firebase-tools\lib\bin\firebase.js init hosting
[debug] [2025-05-24T13:27:04.958Z] CLI Version:   14.4.0
[debug] [2025-05-24T13:27:04.958Z] Platform:      win32
[debug] [2025-05-24T13:27:04.958Z] Node Version:  v22.14.0
[debug] [2025-05-24T13:27:04.959Z] Time:          Sat May 24 2025 10:27:04 GMT-0300 (Argentina Standard Time)
[debug] [2025-05-24T13:27:04.959Z] ----------------------------------------------------------------------
[debug] 
[debug] [2025-05-24T13:27:04.961Z] >>> [apiv2][query] GET https://firebase-public.firebaseio.com/cli.json [none]
[debug] [2025-05-24T13:27:04.996Z] > command requires scopes: ["email","openid","https://www.googleapis.com/auth/cloudplatformprojects.readonly","https://www.googleapis.com/auth/firebase","https://www.googleapis.com/auth/cloud-platform"]
[debug] [2025-05-24T13:27:04.996Z] > authorizing via signed-in user (sameerkewal1@gmail.com)
[info] 
     ######## #### ########  ######## ########     ###     ######  ########
     ##        ##  ##     ## ##       ##     ##  ##   ##  ##       ##
     ######    ##  ########  ######   ########  #########  ######  ######
     ##        ##  ##    ##  ##       ##     ## ##     ##       ## ##
     ##       #### ##     ## ######## ########  ##     ##  ######  ########

You're about to initialize a Firebase project in this directory:

  C:\Users\skewal\IdeaProjects\disc

[debug] [2025-05-24T13:27:05.402Z] <<< [apiv2][status] GET https://firebase-public.firebaseio.com/cli.json 200
[debug] [2025-05-24T13:27:05.403Z] <<< [apiv2][body] GET https://firebase-public.firebaseio.com/cli.json {"cloudBuildErrorAfter":1594252800000,"cloudBuildWarnAfter":1590019200000,"defaultNode10After":1594252800000,"minVersion":"3.0.5","node8DeploysDisabledAfter":1613390400000,"node8RuntimeDisabledAfter":1615809600000,"node8WarnAfter":1600128000000}
[info] 
=== Project Setup
[info] 
[info] First, let's associate this project directory with a Firebase project.
[info] You can create multiple project aliases by running firebase use --add, 
[info] but for now we'll just set up a default project.
[info] 
[debug] [2025-05-24T13:27:15.304Z] Checked if tokens are valid: false, expires at: 1746156060171
[debug] [2025-05-24T13:27:15.305Z] Checked if tokens are valid: false, expires at: 1746156060171
[debug] [2025-05-24T13:27:15.305Z] > refreshing access token with scopes: []
[debug] [2025-05-24T13:27:15.306Z] >>> [apiv2][query] POST https://www.googleapis.com/oauth2/v3/token [none]
[debug] [2025-05-24T13:27:15.306Z] >>> [apiv2][body] POST https://www.googleapis.com/oauth2/v3/token [omitted]
[debug] [2025-05-24T13:27:15.745Z] <<< [apiv2][status] POST https://www.googleapis.com/oauth2/v3/token 200
[debug] [2025-05-24T13:27:15.745Z] <<< [apiv2][body] POST https://www.googleapis.com/oauth2/v3/token [omitted]
[debug] [2025-05-24T13:27:15.764Z] >>> [apiv2][query] GET https://firebase.googleapis.com/v1beta1/projects pageSize=100
[debug] [2025-05-24T13:27:16.440Z] <<< [apiv2][status] GET https://firebase.googleapis.com/v1beta1/projects 200
[debug] [2025-05-24T13:27:16.440Z] <<< [apiv2][body] GET https://firebase.googleapis.com/v1beta1/projects [omitted]
[info] i  Using project disc-d6bad (disc) 
[info] 
=== Hosting Setup
[debug] [2025-05-24T13:27:18.837Z] Checked if tokens are valid: true, expires at: 1748096834745
[debug] [2025-05-24T13:27:18.837Z] Checked if tokens are valid: true, expires at: 1748096834745
[debug] [2025-05-24T13:27:18.837Z] >>> [apiv2][query] GET https://firebase.googleapis.com/v1beta1/projects/disc-d6bad [none]
[debug] [2025-05-24T13:27:19.222Z] <<< [apiv2][status] GET https://firebase.googleapis.com/v1beta1/projects/disc-d6bad 200
[debug] [2025-05-24T13:27:19.222Z] <<< [apiv2][body] GET https://firebase.googleapis.com/v1beta1/projects/disc-d6bad {"projectId":"disc-d6bad","projectNumber":"728696708172","displayName":"disc","name":"projects/disc-d6bad","resources":{"hostingSite":"disc-d6bad"},"state":"ACTIVE","etag":"1_ea5b52aa-9e87-4cf7-86ac-12e9a160b1ac"}
[info] 
[info] Your public directory is the folder (relative to your project directory) that
[info] will contain Hosting assets to be uploaded with firebase deploy. If you
[info] have a build process for your assets, use your build's output directory.
[info] 
[debug] [2025-05-24T13:29:03.303Z] ExitPromptError: User force closed the prompt with SIGINT
    at Interface.sigint (C:\Users\skewal\AppData\Roaming\npm\node_modules\firebase-tools\node_modules\@inquirer\core\dist\commonjs\lib\create-prompt.js:101:37)
    at Interface.emit (node:events:518:28)
    at Interface.emit (node:domain:489:12)
    at [_ttyWrite] [as _ttyWrite] (node:internal/readline/interface:1124:18)
    at ReadStream.onkeypress (node:internal/readline/interface:263:20)
    at ReadStream.emit (node:events:530:35)
    at ReadStream.emit (node:domain:489:12)
    at emitKeys (node:internal/readline/utils:370:14)
    at emitKeys.next (<anonymous>)
    at ReadStream.onData (node:internal/readline/emitKeypressEvents:64:36)
[error] 
[error] Error: An unexpected error has occurred.
